<?xml version="1.0" encoding="UTF-8"?>
<!-- Generated by org.testng.reporters.JUnitXMLReporter -->
<testsuite ignored="3" hostname="DESKTOP-BSK2UD6" failures="2" tests="3" name="Smoke Tests" time="0.187" errors="0" timestamp="2025-09-01T14:12:46 IST">
  <testcase classname="com.saucedemo.stepdefinitions.LoginSteps" name="inventory_page_should_be_displayed" time="0.059">
    <failure type="java.lang.NullPointerException" message="Cannot invoke &amp;quot;org.openqa.selenium.WebDriver.findElement(org.openqa.selenium.By)&amp;quot; because &amp;quot;driver&amp;quot; is null">
      <![CDATA[java.lang.NullPointerException: Cannot invoke "org.openqa.selenium.WebDriver.findElement(org.openqa.selenium.By)" because "driver" is null
at org.openqa.selenium.support.ui.ExpectedConditions$7.apply(ExpectedConditions.java:194)
at org.openqa.selenium.support.ui.ExpectedConditions$7.apply(ExpectedConditions.java:190)
at org.openqa.selenium.support.ui.FluentWait.until(FluentWait.java:203)
at com.saucedemo.pages.InventoryPage.isInventoryPageDisplayed(InventoryPage.java:26)
at com.saucedemo.stepdefinitions.LoginSteps.inventory_page_should_be_displayed(LoginSteps.java:48)
at java.base/java.util.ArrayList.forEach(ArrayList.java:1596)
... Removed 25 stack frames]]>
    </failure>
  </testcase> <!-- inventory_page_should_be_displayed -->
  <testcase classname="com.saucedemo.stepdefinitions.LoginSteps" name="login_page_title_should_be" time="0.0">
    <failure type="org.testng.TestNGException" message="
Cannot inject @Test annotated Method [login_page_title_should_be] with [class java.lang.String].
For more information on native dependency injection please refer to https://testng.org/#_dependency_injection">
      <![CDATA[org.testng.TestNGException: 
Cannot inject @Test annotated Method [login_page_title_should_be] with [class java.lang.String].
For more information on native dependency injection please refer to https://testng.org/#_dependency_injection
at java.base/java.util.ArrayList.forEach(ArrayList.java:1596)
... Removed 26 stack frames]]>
    </failure>
  </testcase> <!-- login_page_title_should_be -->
  <testcase classname="com.saucedemo.stepdefinitions.LoginSteps" name="user_is_on_login_page" time="0.006"/>
  <testcase classname="com.saucedemo.stepdefinitions.LoginSteps" name="logo_should_be_displayed" time="0.0">
    <ignored/>
  </testcase> <!-- logo_should_be_displayed -->
  <testcase classname="com.saucedemo.stepdefinitions.LoginSteps" name="error_message_should_be_shown" time="0.0">
    <ignored/>
  </testcase> <!-- error_message_should_be_shown -->
  <testcase classname="com.saucedemo.stepdefinitions.LoginSteps" name="user_enters_and" time="0.0">
    <ignored/>
  </testcase> <!-- user_enters_and -->
</testsuite> <!-- Smoke Tests -->
